{"D:\\Cursos\\IGTI\\Bootcamp Desenvolvedor Node.js\\bootcamp-igti-desenvolvedor-nodejs\\Módulo 4 - Tópicos Especiais em Desenvolvimento Back End\\Teste de integração\\consulta-credito\\src\\app.js": {"path":"D:\\Cursos\\IGTI\\Bootcamp Desenvolvedor Node.js\\bootcamp-igti-desenvolvedor-nodejs\\Módulo 4 - Tópicos Especiais em Desenvolvimento Back End\\Teste de integração\\consulta-credito\\src\\app.js","statementMap":{"0":{"start":{"line":1,"column":16},"end":{"line":1,"column":34}},"1":{"start":{"line":2,"column":36},"end":{"line":2,"column":64}},"2":{"start":{"line":3,"column":24},"end":{"line":3,"column":53}},"3":{"start":{"line":5,"column":12},"end":{"line":5,"column":21}},"4":{"start":{"line":7,"column":0},"end":{"line":7,"column":24}},"5":{"start":{"line":9,"column":0},"end":{"line":11,"column":3}},"6":{"start":{"line":10,"column":2},"end":{"line":10,"column":79}},"7":{"start":{"line":13,"column":0},"end":{"line":43,"column":2}},"8":{"start":{"line":22,"column":43},"end":{"line":22,"column":51}},"9":{"start":{"line":24,"column":18},"end":{"line":24,"column":39}},"10":{"start":{"line":26,"column":4},"end":{"line":28,"column":5}},"11":{"start":{"line":27,"column":6},"end":{"line":27,"column":59}},"12":{"start":{"line":30,"column":4},"end":{"line":41,"column":5}},"13":{"start":{"line":31,"column":22},"end":{"line":36,"column":7}},"14":{"start":{"line":38,"column":6},"end":{"line":38,"column":36}},"15":{"start":{"line":40,"column":6},"end":{"line":40,"column":58}},"16":{"start":{"line":45,"column":0},"end":{"line":45,"column":21}}},"fnMap":{"0":{"name":"(anonymous_0)","decl":{"start":{"line":9,"column":13},"end":{"line":9,"column":14}},"loc":{"start":{"line":9,"column":33},"end":{"line":11,"column":1}},"line":9},"1":{"name":"(anonymous_1)","decl":{"start":{"line":21,"column":2},"end":{"line":21,"column":3}},"loc":{"start":{"line":21,"column":22},"end":{"line":42,"column":3}},"line":21}},"branchMap":{"0":{"loc":{"start":{"line":26,"column":4},"end":{"line":28,"column":5}},"type":"if","locations":[{"start":{"line":26,"column":4},"end":{"line":28,"column":5}},{"start":{"line":26,"column":4},"end":{"line":28,"column":5}}],"line":26}},"s":{"0":1,"1":1,"2":1,"3":1,"4":1,"5":1,"6":1,"7":1,"8":5,"9":5,"10":5,"11":1,"12":4,"13":4,"14":3,"15":1,"16":1},"f":{"0":1,"1":5},"b":{"0":[1,4]},"_coverageSchema":"1a1c01bbd47fc00a2c39e90264f33305004495a9","hash":"6aec809167082549168b3811db1c9b9d671f8f1a"}
,"D:\\Cursos\\IGTI\\Bootcamp Desenvolvedor Node.js\\bootcamp-igti-desenvolvedor-nodejs\\Módulo 4 - Tópicos Especiais em Desenvolvimento Back End\\Teste de integração\\consulta-credito\\src\\calcula-valor.js": {"path":"D:\\Cursos\\IGTI\\Bootcamp Desenvolvedor Node.js\\bootcamp-igti-desenvolvedor-nodejs\\Módulo 4 - Tópicos Especiais em Desenvolvimento Back End\\Teste de integração\\consulta-credito\\src\\calcula-valor.js","statementMap":{"0":{"start":{"line":2,"column":17},"end":{"line":2,"column":58}},"1":{"start":{"line":3,"column":2},"end":{"line":3,"column":34}},"2":{"start":{"line":5,"column":2},"end":{"line":5,"column":18}},"3":{"start":{"line":9,"column":19},"end":{"line":9,"column":22}},"4":{"start":{"line":10,"column":22},"end":{"line":10,"column":80}},"5":{"start":{"line":12,"column":2},"end":{"line":12,"column":21}},"6":{"start":{"line":16,"column":24},"end":{"line":16,"column":61}},"7":{"start":{"line":17,"column":20},"end":{"line":17,"column":61}},"8":{"start":{"line":19,"column":23},"end":{"line":19,"column":56}},"9":{"start":{"line":19,"column":50},"end":{"line":19,"column":55}},"10":{"start":{"line":20,"column":18},"end":{"line":20,"column":55}},"11":{"start":{"line":21,"column":16},"end":{"line":21,"column":38}},"12":{"start":{"line":22,"column":10},"end":{"line":22,"column":50}},"13":{"start":{"line":24,"column":2},"end":{"line":29,"column":3}},"14":{"start":{"line":25,"column":4},"end":{"line":25,"column":59}},"15":{"start":{"line":26,"column":4},"end":{"line":26,"column":55}},"16":{"start":{"line":26,"column":48},"end":{"line":26,"column":53}},"17":{"start":{"line":27,"column":4},"end":{"line":27,"column":54}},"18":{"start":{"line":28,"column":4},"end":{"line":28,"column":15}},"19":{"start":{"line":31,"column":2},"end":{"line":31,"column":19}},"20":{"start":{"line":34,"column":0},"end":{"line":34,"column":70}}},"fnMap":{"0":{"name":"calcularMontante","decl":{"start":{"line":1,"column":9},"end":{"line":1,"column":25}},"loc":{"start":{"line":1,"column":50},"end":{"line":6,"column":1}},"line":1},"1":{"name":"arredondar","decl":{"start":{"line":8,"column":9},"end":{"line":8,"column":19}},"loc":{"start":{"line":8,"column":27},"end":{"line":13,"column":1}},"line":8},"2":{"name":"calcularPrestacoes","decl":{"start":{"line":15,"column":9},"end":{"line":15,"column":27}},"loc":{"start":{"line":15,"column":54},"end":{"line":32,"column":1}},"line":15},"3":{"name":"(anonymous_3)","decl":{"start":{"line":19,"column":40},"end":{"line":19,"column":41}},"loc":{"start":{"line":19,"column":50},"end":{"line":19,"column":55}},"line":19},"4":{"name":"(anonymous_4)","decl":{"start":{"line":26,"column":38},"end":{"line":26,"column":39}},"loc":{"start":{"line":26,"column":48},"end":{"line":26,"column":53}},"line":26}},"branchMap":{"0":{"loc":{"start":{"line":21,"column":16},"end":{"line":21,"column":38}},"type":"cond-expr","locations":[{"start":{"line":21,"column":32},"end":{"line":21,"column":33}},{"start":{"line":21,"column":36},"end":{"line":21,"column":38}}],"line":21},"1":{"loc":{"start":{"line":22,"column":10},"end":{"line":22,"column":50}},"type":"cond-expr","locations":[{"start":{"line":22,"column":26},"end":{"line":22,"column":27}},{"start":{"line":22,"column":30},"end":{"line":22,"column":50}}],"line":22}},"s":{"0":5,"1":5,"2":5,"3":41,"4":41,"5":41,"6":8,"7":8,"8":8,"9":16,"10":8,"11":8,"12":8,"13":8,"14":7,"15":7,"16":20,"17":7,"18":7,"19":8,"20":2},"f":{"0":5,"1":41,"2":8,"3":16,"4":20},"b":{"0":[5,3],"1":[5,3]},"_coverageSchema":"1a1c01bbd47fc00a2c39e90264f33305004495a9","hash":"4905b6702603a93f946cce652cfb2f3b6cdc1a47"}
,"D:\\Cursos\\IGTI\\Bootcamp Desenvolvedor Node.js\\bootcamp-igti-desenvolvedor-nodejs\\Módulo 4 - Tópicos Especiais em Desenvolvimento Back End\\Teste de integração\\consulta-credito\\src\\consulta-cliente.js": {"path":"D:\\Cursos\\IGTI\\Bootcamp Desenvolvedor Node.js\\bootcamp-igti-desenvolvedor-nodejs\\Módulo 4 - Tópicos Especiais em Desenvolvimento Back End\\Teste de integração\\consulta-credito\\src\\consulta-cliente.js","statementMap":{"0":{"start":{"line":1,"column":21},"end":{"line":1,"column":50}},"1":{"start":{"line":2,"column":11},"end":{"line":2,"column":26}},"2":{"start":{"line":4,"column":14},"end":{"line":4,"column":19}},"3":{"start":{"line":6,"column":18},"end":{"line":51,"column":1}},"4":{"start":{"line":7,"column":16},"end":{"line":7,"column":60}},"5":{"start":{"line":9,"column":2},"end":{"line":14,"column":3}},"6":{"start":{"line":10,"column":4},"end":{"line":13,"column":7}},"7":{"start":{"line":16,"column":25},"end":{"line":19,"column":4}},"8":{"start":{"line":21,"column":2},"end":{"line":28,"column":3}},"9":{"start":{"line":22,"column":22},"end":{"line":22,"column":89}},"10":{"start":{"line":23,"column":26},"end":{"line":23,"column":71}},"11":{"start":{"line":25,"column":4},"end":{"line":27,"column":5}},"12":{"start":{"line":26,"column":6},"end":{"line":26,"column":75}},"13":{"start":{"line":30,"column":19},"end":{"line":30,"column":72}},"14":{"start":{"line":31,"column":21},"end":{"line":31,"column":72}},"15":{"start":{"line":33,"column":23},"end":{"line":40,"column":3}},"16":{"start":{"line":42,"column":2},"end":{"line":42,"column":41}},"17":{"start":{"line":44,"column":2},"end":{"line":50,"column":4}},"18":{"start":{"line":53,"column":0},"end":{"line":53,"column":31}}},"fnMap":{"0":{"name":"(anonymous_0)","decl":{"start":{"line":6,"column":18},"end":{"line":6,"column":19}},"loc":{"start":{"line":6,"column":56},"end":{"line":51,"column":1}},"line":6}},"branchMap":{"0":{"loc":{"start":{"line":9,"column":2},"end":{"line":14,"column":3}},"type":"if","locations":[{"start":{"line":9,"column":2},"end":{"line":14,"column":3}},{"start":{"line":9,"column":2},"end":{"line":14,"column":3}}],"line":9},"1":{"loc":{"start":{"line":21,"column":2},"end":{"line":28,"column":3}},"type":"if","locations":[{"start":{"line":21,"column":2},"end":{"line":28,"column":3}},{"start":{"line":21,"column":2},"end":{"line":28,"column":3}}],"line":21},"2":{"loc":{"start":{"line":25,"column":4},"end":{"line":27,"column":5}},"type":"if","locations":[{"start":{"line":25,"column":4},"end":{"line":27,"column":5}},{"start":{"line":25,"column":4},"end":{"line":27,"column":5}}],"line":25}},"s":{"0":1,"1":1,"2":1,"3":1,"4":4,"5":4,"6":2,"7":4,"8":4,"9":2,"10":2,"11":2,"12":1,"13":3,"14":3,"15":3,"16":3,"17":3,"18":1},"f":{"0":4},"b":{"0":[2,2],"1":[2,2],"2":[1,1]},"_coverageSchema":"1a1c01bbd47fc00a2c39e90264f33305004495a9","hash":"fbe73db8ac5df8fe789ebe76eefcbb27d2a4f8eb"}
,"D:\\Cursos\\IGTI\\Bootcamp Desenvolvedor Node.js\\bootcamp-igti-desenvolvedor-nodejs\\Módulo 4 - Tópicos Especiais em Desenvolvimento Back End\\Teste de integração\\consulta-credito\\src\\db.js": {"path":"D:\\Cursos\\IGTI\\Bootcamp Desenvolvedor Node.js\\bootcamp-igti-desenvolvedor-nodejs\\Módulo 4 - Tópicos Especiais em Desenvolvimento Back End\\Teste de integração\\consulta-credito\\src\\db.js","statementMap":{"0":{"start":{"line":1,"column":18},"end":{"line":1,"column":38}},"1":{"start":{"line":2,"column":0},"end":{"line":2,"column":27}},"2":{"start":{"line":4,"column":18},"end":{"line":12,"column":2}},"3":{"start":{"line":14,"column":21},"end":{"line":30,"column":1}},"4":{"start":{"line":15,"column":18},"end":{"line":27,"column":4}},"5":{"start":{"line":29,"column":2},"end":{"line":29,"column":17}},"6":{"start":{"line":32,"column":22},"end":{"line":57,"column":1}},"7":{"start":{"line":33,"column":19},"end":{"line":54,"column":4}},"8":{"start":{"line":56,"column":2},"end":{"line":56,"column":18}},"9":{"start":{"line":59,"column":16},"end":{"line":59,"column":60}},"10":{"start":{"line":60,"column":17},"end":{"line":60,"column":62}},"11":{"start":{"line":62,"column":0},"end":{"line":62,"column":47}},"12":{"start":{"line":63,"column":0},"end":{"line":63,"column":28}},"13":{"start":{"line":65,"column":0},"end":{"line":65,"column":50}}},"fnMap":{"0":{"name":"(anonymous_0)","decl":{"start":{"line":14,"column":21},"end":{"line":14,"column":22}},"loc":{"start":{"line":14,"column":47},"end":{"line":30,"column":1}},"line":14},"1":{"name":"(anonymous_1)","decl":{"start":{"line":32,"column":22},"end":{"line":32,"column":23}},"loc":{"start":{"line":32,"column":48},"end":{"line":57,"column":1}},"line":32}},"branchMap":{},"s":{"0":1,"1":1,"2":1,"3":1,"4":1,"5":1,"6":1,"7":1,"8":1,"9":1,"10":1,"11":1,"12":1,"13":1},"f":{"0":1,"1":1},"b":{},"_coverageSchema":"1a1c01bbd47fc00a2c39e90264f33305004495a9","hash":"783b8f695bb04193170d9e2f56784aa1282e581e"}
,"D:\\Cursos\\IGTI\\Bootcamp Desenvolvedor Node.js\\bootcamp-igti-desenvolvedor-nodejs\\Módulo 4 - Tópicos Especiais em Desenvolvimento Back End\\Teste de integração\\consulta-credito\\test\\extensoes.js": {"path":"D:\\Cursos\\IGTI\\Bootcamp Desenvolvedor Node.js\\bootcamp-igti-desenvolvedor-nodejs\\Módulo 4 - Tópicos Especiais em Desenvolvimento Back End\\Teste de integração\\consulta-credito\\test\\extensoes.js","statementMap":{"0":{"start":{"line":1,"column":21},"end":{"line":1,"column":52}},"1":{"start":{"line":3,"column":0},"end":{"line":30,"column":3}},"2":{"start":{"line":5,"column":21},"end":{"line":5,"column":75}},"3":{"start":{"line":5,"column":68},"end":{"line":5,"column":73}},"4":{"start":{"line":6,"column":19},"end":{"line":6,"column":61}},"5":{"start":{"line":8,"column":4},"end":{"line":11,"column":6}},"6":{"start":{"line":9,"column":21},"end":{"line":9,"column":66}},"7":{"start":{"line":15,"column":4},"end":{"line":23,"column":5}},"8":{"start":{"line":15,"column":17},"end":{"line":15,"column":18}},"9":{"start":{"line":16,"column":16},"end":{"line":16,"column":21}},"10":{"start":{"line":17,"column":6},"end":{"line":22,"column":7}},"11":{"start":{"line":18,"column":8},"end":{"line":21,"column":10}},"12":{"start":{"line":19,"column":25},"end":{"line":19,"column":66}},"13":{"start":{"line":25,"column":4},"end":{"line":28,"column":6}},"14":{"start":{"line":26,"column":21},"end":{"line":26,"column":62}}},"fnMap":{"0":{"name":"(anonymous_0)","decl":{"start":{"line":4,"column":2},"end":{"line":4,"column":3}},"loc":{"start":{"line":4,"column":39},"end":{"line":12,"column":3}},"line":4},"1":{"name":"(anonymous_1)","decl":{"start":{"line":5,"column":58},"end":{"line":5,"column":59}},"loc":{"start":{"line":5,"column":68},"end":{"line":5,"column":73}},"line":5},"2":{"name":"(anonymous_2)","decl":{"start":{"line":9,"column":15},"end":{"line":9,"column":16}},"loc":{"start":{"line":9,"column":21},"end":{"line":9,"column":66}},"line":9},"3":{"name":"(anonymous_3)","decl":{"start":{"line":14,"column":2},"end":{"line":14,"column":3}},"loc":{"start":{"line":14,"column":25},"end":{"line":29,"column":3}},"line":14},"4":{"name":"(anonymous_4)","decl":{"start":{"line":19,"column":19},"end":{"line":19,"column":20}},"loc":{"start":{"line":19,"column":25},"end":{"line":19,"column":66}},"line":19},"5":{"name":"(anonymous_5)","decl":{"start":{"line":26,"column":15},"end":{"line":26,"column":16}},"loc":{"start":{"line":26,"column":21},"end":{"line":26,"column":62}},"line":26}},"branchMap":{"0":{"loc":{"start":{"line":17,"column":6},"end":{"line":22,"column":7}},"type":"if","locations":[{"start":{"line":17,"column":6},"end":{"line":22,"column":7}},{"start":{"line":17,"column":6},"end":{"line":22,"column":7}}],"line":17}},"s":{"0":1,"1":1,"2":2,"3":4,"4":2,"5":2,"6":0,"7":2,"8":2,"9":4,"10":4,"11":0,"12":0,"13":2,"14":0},"f":{"0":2,"1":4,"2":0,"3":2,"4":0,"5":0},"b":{"0":[0,4]},"_coverageSchema":"1a1c01bbd47fc00a2c39e90264f33305004495a9","hash":"7921bda6bf8650b26091c41483166e88592ff93e"}
}
