TN:
SF:src\app.js
FN:9,(anonymous_0)
FN:21,(anonymous_1)
FNF:2
FNH:2
FNDA:1,(anonymous_0)
FNDA:5,(anonymous_1)
DA:1,1
DA:2,1
DA:3,1
DA:5,1
DA:7,1
DA:9,1
DA:10,1
DA:13,1
DA:22,5
DA:24,5
DA:26,5
DA:27,1
DA:30,4
DA:31,4
DA:38,3
DA:40,1
DA:45,1
LF:17
LH:17
BRDA:26,0,0,1
BRDA:26,0,1,4
BRF:2
BRH:2
end_of_record
TN:
SF:src\calcula-valor.js
FN:1,calcularMontante
FN:8,arredondar
FN:15,calcularPrestacoes
FN:19,(anonymous_3)
FN:26,(anonymous_4)
FNF:5
FNH:5
FNDA:5,calcularMontante
FNDA:41,arredondar
FNDA:8,calcularPrestacoes
FNDA:16,(anonymous_3)
FNDA:20,(anonymous_4)
DA:2,5
DA:3,5
DA:5,5
DA:9,41
DA:10,41
DA:12,41
DA:16,8
DA:17,8
DA:19,16
DA:20,8
DA:21,8
DA:22,8
DA:24,8
DA:25,7
DA:26,20
DA:27,7
DA:28,7
DA:31,8
DA:34,2
LF:19
LH:19
BRDA:21,0,0,5
BRDA:21,0,1,3
BRDA:22,1,0,5
BRDA:22,1,1,3
BRF:4
BRH:4
end_of_record
TN:
SF:src\consulta-cliente.js
FN:6,(anonymous_0)
FNF:1
FNH:1
FNDA:4,(anonymous_0)
DA:1,1
DA:2,1
DA:4,1
DA:6,1
DA:7,4
DA:9,4
DA:10,2
DA:16,4
DA:21,4
DA:22,2
DA:23,2
DA:25,2
DA:26,1
DA:30,3
DA:31,3
DA:33,3
DA:42,3
DA:44,3
DA:53,1
LF:19
LH:19
BRDA:9,0,0,2
BRDA:9,0,1,2
BRDA:21,1,0,2
BRDA:21,1,1,2
BRDA:25,2,0,1
BRDA:25,2,1,1
BRF:6
BRH:6
end_of_record
TN:
SF:src\db.js
FN:14,(anonymous_0)
FN:32,(anonymous_1)
FNF:2
FNH:2
FNDA:1,(anonymous_0)
FNDA:1,(anonymous_1)
DA:1,1
DA:2,1
DA:4,1
DA:14,1
DA:15,1
DA:29,1
DA:32,1
DA:33,1
DA:56,1
DA:59,1
DA:60,1
DA:62,1
DA:63,1
DA:65,1
LF:14
LH:14
BRF:0
BRH:0
end_of_record
TN:
SF:test\extensoes.js
FN:4,(anonymous_0)
FN:5,(anonymous_1)
FN:9,(anonymous_2)
FN:14,(anonymous_3)
FN:19,(anonymous_4)
FN:26,(anonymous_5)
FNF:6
FNH:3
FNDA:2,(anonymous_0)
FNDA:4,(anonymous_1)
FNDA:0,(anonymous_2)
FNDA:2,(anonymous_3)
FNDA:0,(anonymous_4)
FNDA:0,(anonymous_5)
DA:1,1
DA:3,1
DA:5,4
DA:6,2
DA:8,2
DA:9,0
DA:15,2
DA:16,4
DA:17,4
DA:18,0
DA:19,0
DA:25,2
DA:26,0
LF:13
LH:9
BRDA:17,0,0,0
BRDA:17,0,1,4
BRF:2
BRH:1
end_of_record
