TN:
SF:src\calcula-valor.js
FN:1,calcularMontante
FN:8,arredondar
FN:15,calcularPrestacoes
FN:19,(anonymous_3)
FN:26,(anonymous_4)
FNF:5
FNH:5
FNDA:2,calcularMontante
FNDA:26,arredondar
FNDA:5,calcularPrestacoes
FNDA:10,(anonymous_3)
FNDA:14,(anonymous_4)
DA:2,2
DA:3,2
DA:5,2
DA:9,26
DA:10,26
DA:12,26
DA:16,5
DA:17,5
DA:19,10
DA:20,5
DA:21,5
DA:22,5
DA:24,5
DA:25,4
DA:26,14
DA:27,4
DA:28,4
DA:31,5
DA:34,1
LF:19
LH:19
BRDA:21,0,0,2
BRDA:21,0,1,3
BRDA:22,1,0,2
BRDA:22,1,1,3
BRF:4
BRH:4
end_of_record
TN:
SF:test\extensoes.js
FN:4,(anonymous_0)
FN:5,(anonymous_1)
FN:9,(anonymous_2)
FN:14,(anonymous_3)
FN:20,(anonymous_4)
FN:27,(anonymous_5)
FNF:6
FNH:3
FNDA:2,(anonymous_0)
FNDA:4,(anonymous_1)
FNDA:0,(anonymous_2)
FNDA:2,(anonymous_3)
FNDA:0,(anonymous_4)
FNDA:0,(anonymous_5)
DA:1,1
DA:3,1
DA:5,4
DA:6,2
DA:8,2
DA:9,0
DA:15,2
DA:16,4
DA:18,4
DA:19,0
DA:20,0
DA:26,2
DA:27,0
LF:13
LH:9
BRDA:18,0,0,0
BRDA:18,0,1,4
BRF:2
BRH:1
end_of_record
