<?xml version="1.0" encoding="UTF-8"?>
<coverage generated="1652058568423" clover="3.2.0">
  <project timestamp="1652058568423" name="All files">
    <metrics statements="6" coveredstatements="6" conditionals="2" coveredconditionals="2" methods="3" coveredmethods="3" elements="11" coveredelements="11" complexity="0" loc="6" ncloc="6" packages="1" files="1" classes="1"/>
    <file name="exemplo-mock.js" path="D:\Cursos\IGTI\Bootcamp Desenvolvedor Node.js\bootcamp-igti-desenvolvedor-nodejs\Módulo 4 - Tópicos Especiais em Desenvolvimento Back End\Introdução\mock-spy\src\exemplo-mock.js">
      <metrics statements="6" coveredstatements="6" conditionals="2" coveredconditionals="2" methods="3" coveredmethods="3"/>
      <line num="2" count="1" type="stmt"/>
      <line num="3" count="3" type="cond" truecount="2" falsecount="0"/>
      <line num="4" count="2" type="stmt"/>
      <line num="10" count="1" type="stmt"/>
      <line num="11" count="1" type="stmt"/>
      <line num="15" count="1" type="stmt"/>
    </file>
  </project>
</coverage>
