{"D:\\Cursos\\IGTI\\Bootcamp Desenvolvedor Node.js\\bootcamp-igti-desenvolvedor-nodejs\\Módulo 4 - Tópicos Especiais em Desenvolvimento Back End\\Introdução\\mock-spy\\src\\exemplo-mock.js": {"path":"D:\\Cursos\\IGTI\\Bootcamp Desenvolvedor Node.js\\bootcamp-igti-desenvolvedor-nodejs\\Módulo 4 - Tópicos Especiais em Desenvolvimento Back End\\Introdução\\mock-spy\\src\\exemplo-mock.js","statementMap":{"0":{"start":{"line":2,"column":2},"end":{"line":6,"column":3}},"1":{"start":{"line":2,"column":15},"end":{"line":2,"column":16}},"2":{"start":{"line":3,"column":4},"end":{"line":5,"column":5}},"3":{"start":{"line":4,"column":6},"end":{"line":4,"column":27}},"4":{"start":{"line":10,"column":2},"end":{"line":12,"column":11}},"5":{"start":{"line":11,"column":4},"end":{"line":11,"column":15}},"6":{"start":{"line":15,"column":0},"end":{"line":18,"column":2}}},"fnMap":{"0":{"name":"realizarParaAdultos","decl":{"start":{"line":1,"column":9},"end":{"line":1,"column":28}},"loc":{"start":{"line":1,"column":48},"end":{"line":7,"column":1}},"line":1},"1":{"name":"aguardarTimer","decl":{"start":{"line":9,"column":9},"end":{"line":9,"column":22}},"loc":{"start":{"line":9,"column":33},"end":{"line":13,"column":1}},"line":9},"2":{"name":"(anonymous_2)","decl":{"start":{"line":10,"column":13},"end":{"line":10,"column":14}},"loc":{"start":{"line":10,"column":19},"end":{"line":12,"column":3}},"line":10}},"branchMap":{"0":{"loc":{"start":{"line":3,"column":4},"end":{"line":5,"column":5}},"type":"if","locations":[{"start":{"line":3,"column":4},"end":{"line":5,"column":5}},{"start":{},"end":{}}],"line":3}},"s":{"0":1,"1":1,"2":3,"3":2,"4":1,"5":1,"6":1},"f":{"0":1,"1":1,"2":1},"b":{"0":[2,1]},"_coverageSchema":"1a1c01bbd47fc00a2c39e90264f33305004495a9","hash":"90a2933a1a2c52e027de445539eb1db523f69d0e"}
}
